Analysis & Synthesis report for DE2_i2sound
Mon Jun 12 01:07:27 2023
Quartus II 64-Bit Version 13.0.1 Build 232 06/12/2013 Service Pack 1 SJ Web Edition


---------------------
; Table of Contents ;
---------------------
  1. Legal Notice
  2. Analysis & Synthesis Summary
  3. Analysis & Synthesis Settings
  4. Parallel Compilation
  5. Analysis & Synthesis Source Files Read
  6. Analysis & Synthesis Resource Usage Summary
  7. Analysis & Synthesis Resource Utilization by Entity
  8. Registers Removed During Synthesis
  9. Removed Registers Triggering Further Register Optimizations
 10. General Register Statistics
 11. Inverted Register Statistics
 12. Multiplexer Restructuring Statistics (Restructuring Performed)
 13. Parameter Settings for User Entity Instance: LPM_CONSTANT:inst38
 14. Parameter Settings for User Entity Instance: LPM_CONSTANT:inst39
 15. Parameter Settings for Inferred Entity Instance: movingAverageFilter:inst12|lpm_divide:Div1
 16. Parameter Settings for Inferred Entity Instance: movingAverageFilter:inst12|lpm_mult:Mult1
 17. Parameter Settings for Inferred Entity Instance: movingAverageFilter:inst12|lpm_divide:Div0
 18. Parameter Settings for Inferred Entity Instance: movingAverageFilter:inst12|lpm_mult:Mult0
 19. lpm_mult Parameter Settings by Entity Instance
 20. Elapsed Time Per Partition
 21. Analysis & Synthesis Messages
 22. Analysis & Synthesis Suppressed Messages



----------------
; Legal Notice ;
----------------
Copyright (C) 1991-2013 Altera Corporation
Your use of Altera Corporation's design tools, logic functions 
and other software and tools, and its AMPP partner logic 
functions, and any output files from any of the foregoing 
(including device programming or simulation files), and any 
associated documentation or information are expressly subject 
to the terms and conditions of the Altera Program License 
Subscription Agreement, Altera MegaCore Function License 
Agreement, or other applicable license agreement, including, 
without limitation, that your use is for the sole purpose of 
programming logic devices manufactured by Altera and sold by 
Altera or its authorized distributors.  Please refer to the 
applicable agreement for further details.



+--------------------------------------------------------------------------------------+
; Analysis & Synthesis Summary                                                         ;
+------------------------------------+-------------------------------------------------+
; Analysis & Synthesis Status        ; Successful - Mon Jun 12 01:07:27 2023           ;
; Quartus II 64-Bit Version          ; 13.0.1 Build 232 06/12/2013 SP 1 SJ Web Edition ;
; Revision Name                      ; DE2_i2sound                                     ;
; Top-level Entity Name              ; DE2_i2sound                                     ;
; Family                             ; Cyclone II                                      ;
; Total logic elements               ; 2,759                                           ;
;     Total combinational functions  ; 2,683                                           ;
;     Dedicated logic registers      ; 334                                             ;
; Total registers                    ; 334                                             ;
; Total pins                         ; 77                                              ;
; Total virtual pins                 ; 0                                               ;
; Total memory bits                  ; 0                                               ;
; Embedded Multiplier 9-bit elements ; 0                                               ;
; Total PLLs                         ; 0                                               ;
+------------------------------------+-------------------------------------------------+


+----------------------------------------------------------------------------------------------------------------------+
; Analysis & Synthesis Settings                                                                                        ;
+----------------------------------------------------------------------------+--------------------+--------------------+
; Option                                                                     ; Setting            ; Default Value      ;
+----------------------------------------------------------------------------+--------------------+--------------------+
; Device                                                                     ; EP2C35F672C6       ;                    ;
; Top-level entity name                                                      ; DE2_i2sound        ; DE2_i2sound        ;
; Family name                                                                ; Cyclone II         ; Stratix            ;
; Iteration limit for constant Verilog loops                                 ; 50000              ; 5000               ;
; Use smart compilation                                                      ; Off                ; Off                ;
; Maximum processors allowed for parallel compilation                        ; 1                  ; 1                  ;
; Enable parallel Assembler and TimeQuest Timing Analyzer during compilation ; On                 ; On                 ;
; Enable compact report table                                                ; Off                ; Off                ;
; Restructure Multiplexers                                                   ; Auto               ; Auto               ;
; Create Debugging Nodes for IP Cores                                        ; Off                ; Off                ;
; Preserve fewer node names                                                  ; On                 ; On                 ;
; Disable OpenCore Plus hardware evaluation                                  ; Off                ; Off                ;
; Verilog Version                                                            ; Verilog_2001       ; Verilog_2001       ;
; VHDL Version                                                               ; VHDL_1993          ; VHDL_1993          ;
; State Machine Processing                                                   ; Auto               ; Auto               ;
; Safe State Machine                                                         ; Off                ; Off                ;
; Extract Verilog State Machines                                             ; On                 ; On                 ;
; Extract VHDL State Machines                                                ; On                 ; On                 ;
; Ignore Verilog initial constructs                                          ; Off                ; Off                ;
; Iteration limit for non-constant Verilog loops                             ; 250                ; 250                ;
; Add Pass-Through Logic to Inferred RAMs                                    ; On                 ; On                 ;
; Infer RAMs from Raw Logic                                                  ; On                 ; On                 ;
; Parallel Synthesis                                                         ; On                 ; On                 ;
; DSP Block Balancing                                                        ; Auto               ; Auto               ;
; NOT Gate Push-Back                                                         ; On                 ; On                 ;
; Power-Up Don't Care                                                        ; On                 ; On                 ;
; Remove Redundant Logic Cells                                               ; Off                ; Off                ;
; Remove Duplicate Registers                                                 ; On                 ; On                 ;
; Ignore CARRY Buffers                                                       ; Off                ; Off                ;
; Ignore CASCADE Buffers                                                     ; Off                ; Off                ;
; Ignore GLOBAL Buffers                                                      ; Off                ; Off                ;
; Ignore ROW GLOBAL Buffers                                                  ; Off                ; Off                ;
; Ignore LCELL Buffers                                                       ; Off                ; Off                ;
; Ignore SOFT Buffers                                                        ; On                 ; On                 ;
; Limit AHDL Integers to 32 Bits                                             ; Off                ; Off                ;
; Optimization Technique                                                     ; Balanced           ; Balanced           ;
; Carry Chain Length                                                         ; 70                 ; 70                 ;
; Auto Carry Chains                                                          ; On                 ; On                 ;
; Auto Open-Drain Pins                                                       ; On                 ; On                 ;
; Perform WYSIWYG Primitive Resynthesis                                      ; Off                ; Off                ;
; Auto ROM Replacement                                                       ; On                 ; On                 ;
; Auto RAM Replacement                                                       ; On                 ; On                 ;
; Auto Shift Register Replacement                                            ; Auto               ; Auto               ;
; Allow Shift Register Merging across Hierarchies                            ; Auto               ; Auto               ;
; Auto Clock Enable Replacement                                              ; On                 ; On                 ;
; Strict RAM Replacement                                                     ; Off                ; Off                ;
; Allow Synchronous Control Signals                                          ; On                 ; On                 ;
; Force Use of Synchronous Clear Signals                                     ; Off                ; Off                ;
; Auto RAM to Logic Cell Conversion                                          ; Off                ; Off                ;
; Auto Resource Sharing                                                      ; Off                ; Off                ;
; Allow Any RAM Size For Recognition                                         ; Off                ; Off                ;
; Allow Any ROM Size For Recognition                                         ; Off                ; Off                ;
; Allow Any Shift Register Size For Recognition                              ; Off                ; Off                ;
; Use LogicLock Constraints during Resource Balancing                        ; On                 ; On                 ;
; Ignore translate_off and synthesis_off directives                          ; Off                ; Off                ;
; Timing-Driven Synthesis                                                    ; Off                ; Off                ;
; Report Parameter Settings                                                  ; On                 ; On                 ;
; Report Source Assignments                                                  ; On                 ; On                 ;
; Report Connectivity Checks                                                 ; On                 ; On                 ;
; Ignore Maximum Fan-Out Assignments                                         ; Off                ; Off                ;
; Synchronization Register Chain Length                                      ; 2                  ; 2                  ;
; PowerPlay Power Optimization                                               ; Normal compilation ; Normal compilation ;
; HDL message level                                                          ; Level2             ; Level2             ;
; Suppress Register Optimization Related Messages                            ; Off                ; Off                ;
; Number of Removed Registers Reported in Synthesis Report                   ; 100                ; 100                ;
; Number of Swept Nodes Reported in Synthesis Report                         ; 5000               ; 5000               ;
; Number of Inverted Registers Reported in Synthesis Report                  ; 100                ; 100                ;
; Clock MUX Protection                                                       ; On                 ; On                 ;
; Auto Gated Clock Conversion                                                ; Off                ; Off                ;
; Block Design Naming                                                        ; Auto               ; Auto               ;
; SDC constraint protection                                                  ; Off                ; Off                ;
; Synthesis Effort                                                           ; Auto               ; Auto               ;
; Shift Register Replacement - Allow Asynchronous Clear Signal               ; On                 ; On                 ;
; Pre-Mapping Resynthesis Optimization                                       ; Off                ; Off                ;
; Analysis & Synthesis Message Level                                         ; Medium             ; Medium             ;
; Disable Register Merging Across Hierarchies                                ; Auto               ; Auto               ;
; Resource Aware Inference For Block RAM                                     ; On                 ; On                 ;
; Synthesis Seed                                                             ; 1                  ; 1                  ;
+----------------------------------------------------------------------------+--------------------+--------------------+


Parallel compilation was disabled, but you have multiple processors available. Enable parallel compilation to reduce compilation time.
+-------------------------------------+
; Parallel Compilation                ;
+----------------------------+--------+
; Processors                 ; Number ;
+----------------------------+--------+
; Number detected on machine ; 16     ;
; Maximum allowed            ; 1      ;
+----------------------------+--------+


+--------------------------------------------------------------------------------------------------------------------------------------------------------------------------------------------------------------+
; Analysis & Synthesis Source Files Read                                                                                                                                                                       ;
+----------------------------------+-----------------+------------------------------------+----------------------------------------------------------------------------------------------------------+---------+
; File Name with User-Entered Path ; Used in Netlist ; File Type                          ; File Name with Absolute Path                                                                             ; Library ;
+----------------------------------+-----------------+------------------------------------+----------------------------------------------------------------------------------------------------------+---------+
; DE2_i2sound.bdf                  ; yes             ; User Block Diagram/Schematic File  ; C:/Users/Meerkat/Downloads/DE2_v2.0.4_SystemCD/DE2_demonstrations/DE2_i2sound/DE2_i2sound.bdf            ;         ;
; CLOCK_500.v                      ; yes             ; User Verilog HDL File              ; C:/Users/Meerkat/Downloads/DE2_v2.0.4_SystemCD/DE2_demonstrations/DE2_i2sound/CLOCK_500.v                ;         ;
; i2c.v                            ; yes             ; User Verilog HDL File              ; C:/Users/Meerkat/Downloads/DE2_v2.0.4_SystemCD/DE2_demonstrations/DE2_i2sound/i2c.v                      ;         ;
; keytr.v                          ; yes             ; User Verilog HDL File              ; C:/Users/Meerkat/Downloads/DE2_v2.0.4_SystemCD/DE2_demonstrations/DE2_i2sound/keytr.v                    ;         ;
; audio_serial_to_parallel.v       ; yes             ; User Verilog HDL File              ; C:/Users/Meerkat/Downloads/DE2_v2.0.4_SystemCD/DE2_demonstrations/DE2_i2sound/audio_serial_to_parallel.v ;         ;
; audio_parallel_to_serial.v       ; yes             ; User Verilog HDL File              ; C:/Users/Meerkat/Downloads/DE2_v2.0.4_SystemCD/DE2_demonstrations/DE2_i2sound/audio_parallel_to_serial.v ;         ;
; LED_STATUS.v                     ; yes             ; User Verilog HDL File              ; C:/Users/Meerkat/Downloads/DE2_v2.0.4_SystemCD/DE2_demonstrations/DE2_i2sound/LED_STATUS.v               ;         ;
; MUX-16bit.v                      ; yes             ; User Verilog HDL File              ; C:/Users/Meerkat/Downloads/DE2_v2.0.4_SystemCD/DE2_demonstrations/DE2_i2sound/MUX-16bit.v                ;         ;
; div2_20.v                        ; yes             ; User Verilog HDL File              ; C:/Users/Meerkat/Downloads/DE2_v2.0.4_SystemCD/DE2_demonstrations/DE2_i2sound/div2_20.v                  ;         ;
; SRAM_Controller.v                ; yes             ; User Verilog HDL File              ; C:/Users/Meerkat/Downloads/DE2_v2.0.4_SystemCD/DE2_demonstrations/DE2_i2sound/SRAM_Controller.v          ;         ;
; movingAverageFilter.v            ; yes             ; User Verilog HDL File              ; C:/Users/Meerkat/Downloads/DE2_v2.0.4_SystemCD/DE2_demonstrations/DE2_i2sound/movingAverageFilter.v      ;         ;
; lpm_constant.tdf                 ; yes             ; Megafunction                       ; c:/altera/13.0sp1/quartus/libraries/megafunctions/lpm_constant.tdf                                       ;         ;
; lpm_divide.tdf                   ; yes             ; Megafunction                       ; c:/altera/13.0sp1/quartus/libraries/megafunctions/lpm_divide.tdf                                         ;         ;
; abs_divider.inc                  ; yes             ; Megafunction                       ; c:/altera/13.0sp1/quartus/libraries/megafunctions/abs_divider.inc                                        ;         ;
; sign_div_unsign.inc              ; yes             ; Megafunction                       ; c:/altera/13.0sp1/quartus/libraries/megafunctions/sign_div_unsign.inc                                    ;         ;
; aglobal130.inc                   ; yes             ; Megafunction                       ; c:/altera/13.0sp1/quartus/libraries/megafunctions/aglobal130.inc                                         ;         ;
; db/lpm_divide_pto.tdf            ; yes             ; Auto-Generated Megafunction        ; C:/Users/Meerkat/Downloads/DE2_v2.0.4_SystemCD/DE2_demonstrations/DE2_i2sound/db/lpm_divide_pto.tdf      ;         ;
; db/abs_divider_6dg.tdf           ; yes             ; Auto-Generated Megafunction        ; C:/Users/Meerkat/Downloads/DE2_v2.0.4_SystemCD/DE2_demonstrations/DE2_i2sound/db/abs_divider_6dg.tdf     ;         ;
; db/alt_u_div_o5f.tdf             ; yes             ; Auto-Generated Megafunction        ; C:/Users/Meerkat/Downloads/DE2_v2.0.4_SystemCD/DE2_demonstrations/DE2_i2sound/db/alt_u_div_o5f.tdf       ;         ;
; db/add_sub_lkc.tdf               ; yes             ; Auto-Generated Megafunction        ; C:/Users/Meerkat/Downloads/DE2_v2.0.4_SystemCD/DE2_demonstrations/DE2_i2sound/db/add_sub_lkc.tdf         ;         ;
; db/add_sub_mkc.tdf               ; yes             ; Auto-Generated Megafunction        ; C:/Users/Meerkat/Downloads/DE2_v2.0.4_SystemCD/DE2_demonstrations/DE2_i2sound/db/add_sub_mkc.tdf         ;         ;
; db/lpm_abs_2s9.tdf               ; yes             ; Auto-Generated Megafunction        ; C:/Users/Meerkat/Downloads/DE2_v2.0.4_SystemCD/DE2_demonstrations/DE2_i2sound/db/lpm_abs_2s9.tdf         ;         ;
; db/lpm_abs_0s9.tdf               ; yes             ; Auto-Generated Megafunction        ; C:/Users/Meerkat/Downloads/DE2_v2.0.4_SystemCD/DE2_demonstrations/DE2_i2sound/db/lpm_abs_0s9.tdf         ;         ;
; lpm_mult.tdf                     ; yes             ; Megafunction                       ; c:/altera/13.0sp1/quartus/libraries/megafunctions/lpm_mult.tdf                                           ;         ;
; lpm_add_sub.inc                  ; yes             ; Megafunction                       ; c:/altera/13.0sp1/quartus/libraries/megafunctions/lpm_add_sub.inc                                        ;         ;
; multcore.inc                     ; yes             ; Megafunction                       ; c:/altera/13.0sp1/quartus/libraries/megafunctions/multcore.inc                                           ;         ;
; bypassff.inc                     ; yes             ; Megafunction                       ; c:/altera/13.0sp1/quartus/libraries/megafunctions/bypassff.inc                                           ;         ;
; altshift.inc                     ; yes             ; Megafunction                       ; c:/altera/13.0sp1/quartus/libraries/megafunctions/altshift.inc                                           ;         ;
; multcore.tdf                     ; yes             ; Megafunction                       ; c:/altera/13.0sp1/quartus/libraries/megafunctions/multcore.tdf                                           ;         ;
; csa_add.inc                      ; yes             ; Megafunction                       ; c:/altera/13.0sp1/quartus/libraries/megafunctions/csa_add.inc                                            ;         ;
; mpar_add.inc                     ; yes             ; Megafunction                       ; c:/altera/13.0sp1/quartus/libraries/megafunctions/mpar_add.inc                                           ;         ;
; muleabz.inc                      ; yes             ; Megafunction                       ; c:/altera/13.0sp1/quartus/libraries/megafunctions/muleabz.inc                                            ;         ;
; mul_lfrg.inc                     ; yes             ; Megafunction                       ; c:/altera/13.0sp1/quartus/libraries/megafunctions/mul_lfrg.inc                                           ;         ;
; mul_boothc.inc                   ; yes             ; Megafunction                       ; c:/altera/13.0sp1/quartus/libraries/megafunctions/mul_boothc.inc                                         ;         ;
; alt_ded_mult.inc                 ; yes             ; Megafunction                       ; c:/altera/13.0sp1/quartus/libraries/megafunctions/alt_ded_mult.inc                                       ;         ;
; alt_ded_mult_y.inc               ; yes             ; Megafunction                       ; c:/altera/13.0sp1/quartus/libraries/megafunctions/alt_ded_mult_y.inc                                     ;         ;
; dffpipe.inc                      ; yes             ; Megafunction                       ; c:/altera/13.0sp1/quartus/libraries/megafunctions/dffpipe.inc                                            ;         ;
; mpar_add.tdf                     ; yes             ; Megafunction                       ; c:/altera/13.0sp1/quartus/libraries/megafunctions/mpar_add.tdf                                           ;         ;
; lpm_add_sub.tdf                  ; yes             ; Megafunction                       ; c:/altera/13.0sp1/quartus/libraries/megafunctions/lpm_add_sub.tdf                                        ;         ;
; addcore.inc                      ; yes             ; Megafunction                       ; c:/altera/13.0sp1/quartus/libraries/megafunctions/addcore.inc                                            ;         ;
; look_add.inc                     ; yes             ; Megafunction                       ; c:/altera/13.0sp1/quartus/libraries/megafunctions/look_add.inc                                           ;         ;
; alt_stratix_add_sub.inc          ; yes             ; Megafunction                       ; c:/altera/13.0sp1/quartus/libraries/megafunctions/alt_stratix_add_sub.inc                                ;         ;
; db/add_sub_eeh.tdf               ; yes             ; Auto-Generated Megafunction        ; C:/Users/Meerkat/Downloads/DE2_v2.0.4_SystemCD/DE2_demonstrations/DE2_i2sound/db/add_sub_eeh.tdf         ;         ;
; db/add_sub_k3h.tdf               ; yes             ; Auto-Generated Megafunction        ; C:/Users/Meerkat/Downloads/DE2_v2.0.4_SystemCD/DE2_demonstrations/DE2_i2sound/db/add_sub_k3h.tdf         ;         ;
; db/add_sub_pfh.tdf               ; yes             ; Auto-Generated Megafunction        ; C:/Users/Meerkat/Downloads/DE2_v2.0.4_SystemCD/DE2_demonstrations/DE2_i2sound/db/add_sub_pfh.tdf         ;         ;
; altshift.tdf                     ; yes             ; Megafunction                       ; c:/altera/13.0sp1/quartus/libraries/megafunctions/altshift.tdf                                           ;         ;
+----------------------------------+-----------------+------------------------------------+----------------------------------------------------------------------------------------------------------+---------+


+--------------------------------------------------------+
; Analysis & Synthesis Resource Usage Summary            ;
+---------------------------------------------+----------+
; Resource                                    ; Usage    ;
+---------------------------------------------+----------+
; Estimated Total logic elements              ; 2,759    ;
;                                             ;          ;
; Total combinational functions               ; 2683     ;
; Logic element usage by number of LUT inputs ;          ;
;     -- 4 input functions                    ; 903      ;
;     -- 3 input functions                    ; 880      ;
;     -- <=2 input functions                  ; 900      ;
;                                             ;          ;
; Logic elements by mode                      ;          ;
;     -- normal mode                          ; 1913     ;
;     -- arithmetic mode                      ; 770      ;
;                                             ;          ;
; Total registers                             ; 334      ;
;     -- Dedicated logic registers            ; 334      ;
;     -- I/O registers                        ; 0        ;
;                                             ;          ;
; I/O pins                                    ; 77       ;
; Embedded Multiplier 9-bit elements          ; 0        ;
; Maximum fan-out node                        ; AUD_BCLK ;
; Maximum fan-out                             ; 256      ;
; Total fan-out                               ; 8930     ;
; Average fan-out                             ; 2.89     ;
+---------------------------------------------+----------+


+------------------------------------------------------------------------------------------------------------------------------------------------------------------------------------------------------------------------------------------------------------------------------------------------------------+
; Analysis & Synthesis Resource Utilization by Entity                                                                                                                                                                                                                                                        ;
+------------------------------------------+-------------------+--------------+-------------+--------------+---------+-----------+------+--------------+--------------------------------------------------------------------------------------------------------------------------------------+--------------+
; Compilation Hierarchy Node               ; LC Combinationals ; LC Registers ; Memory Bits ; DSP Elements ; DSP 9x9 ; DSP 18x18 ; Pins ; Virtual Pins ; Full Hierarchy Name                                                                                                                  ; Library Name ;
+------------------------------------------+-------------------+--------------+-------------+--------------+---------+-----------+------+--------------+--------------------------------------------------------------------------------------------------------------------------------------+--------------+
; |DE2_i2sound                             ; 2683 (0)          ; 334 (0)      ; 0           ; 0            ; 0       ; 0         ; 77   ; 0            ; |DE2_i2sound                                                                                                                         ; work         ;
;    |CLOCK_500:inst4|                     ; 40 (40)           ; 33 (33)      ; 0           ; 0            ; 0       ; 0         ; 0    ; 0            ; |DE2_i2sound|CLOCK_500:inst4                                                                                                         ; work         ;
;    |LED_STATUS:inst7|                    ; 0 (0)             ; 15 (15)      ; 0           ; 0            ; 0       ; 0         ; 0    ; 0            ; |DE2_i2sound|LED_STATUS:inst7                                                                                                        ; work         ;
;    |MUX_1bit:inst11|                     ; 1 (1)             ; 0 (0)        ; 0           ; 0            ; 0       ; 0         ; 0    ; 0            ; |DE2_i2sound|MUX_1bit:inst11                                                                                                         ; work         ;
;    |SRAM_Controller:inst9|               ; 16 (16)           ; 0 (0)        ; 0           ; 0            ; 0       ; 0         ; 0    ; 0            ; |DE2_i2sound|SRAM_Controller:inst9                                                                                                   ; work         ;
;    |audio_parallel_to_serial:inst26|     ; 32 (32)           ; 8 (8)        ; 0           ; 0            ; 0       ; 0         ; 0    ; 0            ; |DE2_i2sound|audio_parallel_to_serial:inst26                                                                                         ; work         ;
;    |audio_parallel_to_serial:inst27|     ; 20 (20)           ; 6 (6)        ; 0           ; 0            ; 0       ; 0         ; 0    ; 0            ; |DE2_i2sound|audio_parallel_to_serial:inst27                                                                                         ; work         ;
;    |audio_parallel_to_serial:inst28|     ; 10 (10)           ; 2 (2)        ; 0           ; 0            ; 0       ; 0         ; 0    ; 0            ; |DE2_i2sound|audio_parallel_to_serial:inst28                                                                                         ; work         ;
;    |audio_parallel_to_serial:inst29|     ; 10 (10)           ; 1 (1)        ; 0           ; 0            ; 0       ; 0         ; 0    ; 0            ; |DE2_i2sound|audio_parallel_to_serial:inst29                                                                                         ; work         ;
;    |audio_serial_to_parallel:inst24|     ; 58 (58)           ; 69 (69)      ; 0           ; 0            ; 0       ; 0         ; 0    ; 0            ; |DE2_i2sound|audio_serial_to_parallel:inst24                                                                                         ; work         ;
;    |i2c:inst|                            ; 33 (33)           ; 20 (20)      ; 0           ; 0            ; 0       ; 0         ; 0    ; 0            ; |DE2_i2sound|i2c:inst                                                                                                                ; work         ;
;    |keytr:inst1|                         ; 15 (15)           ; 11 (11)      ; 0           ; 0            ; 0       ; 0         ; 0    ; 0            ; |DE2_i2sound|keytr:inst1                                                                                                             ; work         ;
;    |movingAverageFilter:inst12|          ; 2448 (260)        ; 169 (169)    ; 0           ; 0            ; 0       ; 0         ; 0    ; 0            ; |DE2_i2sound|movingAverageFilter:inst12                                                                                              ; work         ;
;       |lpm_divide:Div0|                  ; 1090 (0)          ; 0 (0)        ; 0           ; 0            ; 0       ; 0         ; 0    ; 0            ; |DE2_i2sound|movingAverageFilter:inst12|lpm_divide:Div0                                                                              ; work         ;
;          |lpm_divide_pto:auto_generated| ; 1090 (0)          ; 0 (0)        ; 0           ; 0            ; 0       ; 0         ; 0    ; 0            ; |DE2_i2sound|movingAverageFilter:inst12|lpm_divide:Div0|lpm_divide_pto:auto_generated                                                ; work         ;
;             |abs_divider_6dg:divider|    ; 1090 (26)         ; 0 (0)        ; 0           ; 0            ; 0       ; 0         ; 0    ; 0            ; |DE2_i2sound|movingAverageFilter:inst12|lpm_divide:Div0|lpm_divide_pto:auto_generated|abs_divider_6dg:divider                        ; work         ;
;                |alt_u_div_o5f:divider|   ; 1026 (1026)       ; 0 (0)        ; 0           ; 0            ; 0       ; 0         ; 0    ; 0            ; |DE2_i2sound|movingAverageFilter:inst12|lpm_divide:Div0|lpm_divide_pto:auto_generated|abs_divider_6dg:divider|alt_u_div_o5f:divider  ; work         ;
;                |lpm_abs_0s9:my_abs_num|  ; 38 (38)           ; 0 (0)        ; 0           ; 0            ; 0       ; 0         ; 0    ; 0            ; |DE2_i2sound|movingAverageFilter:inst12|lpm_divide:Div0|lpm_divide_pto:auto_generated|abs_divider_6dg:divider|lpm_abs_0s9:my_abs_num ; work         ;
;       |lpm_divide:Div1|                  ; 1090 (0)          ; 0 (0)        ; 0           ; 0            ; 0       ; 0         ; 0    ; 0            ; |DE2_i2sound|movingAverageFilter:inst12|lpm_divide:Div1                                                                              ; work         ;
;          |lpm_divide_pto:auto_generated| ; 1090 (0)          ; 0 (0)        ; 0           ; 0            ; 0       ; 0         ; 0    ; 0            ; |DE2_i2sound|movingAverageFilter:inst12|lpm_divide:Div1|lpm_divide_pto:auto_generated                                                ; work         ;
;             |abs_divider_6dg:divider|    ; 1090 (26)         ; 0 (0)        ; 0           ; 0            ; 0       ; 0         ; 0    ; 0            ; |DE2_i2sound|movingAverageFilter:inst12|lpm_divide:Div1|lpm_divide_pto:auto_generated|abs_divider_6dg:divider                        ; work         ;
;                |alt_u_div_o5f:divider|   ; 1026 (1026)       ; 0 (0)        ; 0           ; 0            ; 0       ; 0         ; 0    ; 0            ; |DE2_i2sound|movingAverageFilter:inst12|lpm_divide:Div1|lpm_divide_pto:auto_generated|abs_divider_6dg:divider|alt_u_div_o5f:divider  ; work         ;
;                |lpm_abs_0s9:my_abs_num|  ; 38 (38)           ; 0 (0)        ; 0           ; 0            ; 0       ; 0         ; 0    ; 0            ; |DE2_i2sound|movingAverageFilter:inst12|lpm_divide:Div1|lpm_divide_pto:auto_generated|abs_divider_6dg:divider|lpm_abs_0s9:my_abs_num ; work         ;
;       |lpm_mult:Mult0|                   ; 4 (0)             ; 0 (0)        ; 0           ; 0            ; 0       ; 0         ; 0    ; 0            ; |DE2_i2sound|movingAverageFilter:inst12|lpm_mult:Mult0                                                                               ; work         ;
;          |multcore:mult_core|            ; 4 (4)             ; 0 (0)        ; 0           ; 0            ; 0       ; 0         ; 0    ; 0            ; |DE2_i2sound|movingAverageFilter:inst12|lpm_mult:Mult0|multcore:mult_core                                                            ; work         ;
;       |lpm_mult:Mult1|                   ; 4 (0)             ; 0 (0)        ; 0           ; 0            ; 0       ; 0         ; 0    ; 0            ; |DE2_i2sound|movingAverageFilter:inst12|lpm_mult:Mult1                                                                               ; work         ;
;          |multcore:mult_core|            ; 4 (4)             ; 0 (0)        ; 0           ; 0            ; 0       ; 0         ; 0    ; 0            ; |DE2_i2sound|movingAverageFilter:inst12|lpm_mult:Mult1|multcore:mult_core                                                            ; work         ;
+------------------------------------------+-------------------+--------------+-------------+--------------+---------+-----------+------+--------------+--------------------------------------------------------------------------------------------------------------------------------------+--------------+
Note: For table entries with two numbers listed, the numbers in parentheses indicate the number of resources of the given type used by the specific entity alone. The numbers listed outside of parentheses indicate the total resources of the given type used by the specific entity and all of its sub-entities in the hierarchy.


+-----------------------------------------------------------------------------------------------------+
; Registers Removed During Synthesis                                                                  ;
+--------------------------------------------+--------------------------------------------------------+
; Register name                              ; Reason for Removal                                     ;
+--------------------------------------------+--------------------------------------------------------+
; CLOCK_500:inst4|DATA_A[7,8,13..15]         ; Stuck at GND due to stuck port data_in                 ;
; i2c:inst|SD[22,23]                         ; Stuck at GND due to stuck port data_in                 ;
; i2c:inst|SD[20,21]                         ; Stuck at VCC due to stuck port data_in                 ;
; i2c:inst|SD[19]                            ; Stuck at GND due to stuck port data_in                 ;
; i2c:inst|SD[18]                            ; Stuck at VCC due to stuck port data_in                 ;
; i2c:inst|SD[7,8,13..17]                    ; Stuck at GND due to stuck port data_in                 ;
; movingAverageFilter:inst12|LRCK_prev       ; Merged with audio_parallel_to_serial:inst28|LRprev     ;
; audio_serial_to_parallel:inst24|LRprev     ; Merged with audio_parallel_to_serial:inst28|LRprev     ;
; audio_parallel_to_serial:inst27|LRprev     ; Merged with audio_parallel_to_serial:inst28|LRprev     ;
; audio_parallel_to_serial:inst29|LRprev     ; Merged with audio_parallel_to_serial:inst28|LRprev     ;
; movingAverageFilter:inst12|addr_out[15]    ; Merged with movingAverageFilter:inst12|addrTest[15]    ;
; movingAverageFilter:inst12|addr_out[14]    ; Merged with movingAverageFilter:inst12|addrTest[14]    ;
; movingAverageFilter:inst12|addr_out[13]    ; Merged with movingAverageFilter:inst12|addrTest[13]    ;
; movingAverageFilter:inst12|addr_out[12]    ; Merged with movingAverageFilter:inst12|addrTest[12]    ;
; movingAverageFilter:inst12|addr_out[11]    ; Merged with movingAverageFilter:inst12|addrTest[11]    ;
; movingAverageFilter:inst12|addr_out[10]    ; Merged with movingAverageFilter:inst12|addrTest[10]    ;
; movingAverageFilter:inst12|addr_out[9]     ; Merged with movingAverageFilter:inst12|addrTest[9]     ;
; movingAverageFilter:inst12|addr_out[8]     ; Merged with movingAverageFilter:inst12|addrTest[8]     ;
; movingAverageFilter:inst12|addr_out[7]     ; Merged with movingAverageFilter:inst12|addrTest[7]     ;
; movingAverageFilter:inst12|addr_out[6]     ; Merged with movingAverageFilter:inst12|addrTest[6]     ;
; movingAverageFilter:inst12|addr_out[5]     ; Merged with movingAverageFilter:inst12|addrTest[5]     ;
; movingAverageFilter:inst12|addr_out[4]     ; Merged with movingAverageFilter:inst12|addrTest[4]     ;
; movingAverageFilter:inst12|addr_out[3]     ; Merged with movingAverageFilter:inst12|addrTest[3]     ;
; movingAverageFilter:inst12|addr_out[2]     ; Merged with movingAverageFilter:inst12|addrTest[2]     ;
; movingAverageFilter:inst12|addr_out[1]     ; Merged with movingAverageFilter:inst12|addrTest[1]     ;
; movingAverageFilter:inst12|addr_out[0]     ; Merged with movingAverageFilter:inst12|addrTest[0]     ;
; audio_parallel_to_serial:inst28|counter[3] ; Merged with audio_parallel_to_serial:inst27|counter[3] ;
; audio_parallel_to_serial:inst29|counter[3] ; Merged with audio_parallel_to_serial:inst27|counter[3] ;
; audio_parallel_to_serial:inst28|counter[2] ; Merged with audio_parallel_to_serial:inst27|counter[2] ;
; audio_parallel_to_serial:inst29|counter[2] ; Merged with audio_parallel_to_serial:inst27|counter[2] ;
; audio_parallel_to_serial:inst28|counter[1] ; Merged with audio_parallel_to_serial:inst27|counter[1] ;
; audio_parallel_to_serial:inst29|counter[1] ; Merged with audio_parallel_to_serial:inst27|counter[1] ;
; audio_parallel_to_serial:inst28|counter[0] ; Merged with audio_parallel_to_serial:inst27|counter[0] ;
; audio_parallel_to_serial:inst29|counter[0] ; Merged with audio_parallel_to_serial:inst27|counter[0] ;
; audio_parallel_to_serial:inst28|LorR       ; Merged with audio_parallel_to_serial:inst27|LorR       ;
; audio_parallel_to_serial:inst29|LorR       ; Merged with audio_parallel_to_serial:inst27|LorR       ;
; audio_parallel_to_serial:inst28|go         ; Merged with audio_parallel_to_serial:inst27|go         ;
; audio_parallel_to_serial:inst29|go         ; Merged with audio_parallel_to_serial:inst27|go         ;
; movingAverageFilter:inst12|outR[0]         ; Stuck at GND due to stuck port data_in                 ;
; movingAverageFilter:inst12|outL[0]         ; Stuck at GND due to stuck port data_in                 ;
; LED_STATUS:inst7|led0                      ; Stuck at GND due to stuck port data_in                 ;
; audio_parallel_to_serial:inst27|LorR       ; Lost fanout                                            ;
; CLOCK_500:inst4|vol[7]                     ; Lost fanout                                            ;
; CLOCK_500:inst4|address[4,5]               ; Stuck at GND due to stuck port data_in                 ;
; Total Number of Removed Registers = 57     ;                                                        ;
+--------------------------------------------+--------------------------------------------------------+


+---------------------------------------------------------------------------------------------------------+
; Removed Registers Triggering Further Register Optimizations                                             ;
+------------------------------------+---------------------------+----------------------------------------+
; Register name                      ; Reason for Removal        ; Registers Removed due to This Register ;
+------------------------------------+---------------------------+----------------------------------------+
; CLOCK_500:inst4|DATA_A[15]         ; Stuck at GND              ; i2c:inst|SD[15]                        ;
;                                    ; due to stuck port data_in ;                                        ;
; CLOCK_500:inst4|DATA_A[14]         ; Stuck at GND              ; i2c:inst|SD[14]                        ;
;                                    ; due to stuck port data_in ;                                        ;
; CLOCK_500:inst4|DATA_A[13]         ; Stuck at GND              ; i2c:inst|SD[13]                        ;
;                                    ; due to stuck port data_in ;                                        ;
; CLOCK_500:inst4|DATA_A[8]          ; Stuck at GND              ; i2c:inst|SD[8]                         ;
;                                    ; due to stuck port data_in ;                                        ;
; CLOCK_500:inst4|DATA_A[7]          ; Stuck at GND              ; i2c:inst|SD[7]                         ;
;                                    ; due to stuck port data_in ;                                        ;
; movingAverageFilter:inst12|outL[0] ; Stuck at GND              ; LED_STATUS:inst7|led0                  ;
;                                    ; due to stuck port data_in ;                                        ;
; CLOCK_500:inst4|address[5]         ; Stuck at GND              ; CLOCK_500:inst4|address[4]             ;
;                                    ; due to stuck port data_in ;                                        ;
+------------------------------------+---------------------------+----------------------------------------+


+------------------------------------------------------+
; General Register Statistics                          ;
+----------------------------------------------+-------+
; Statistic                                    ; Value ;
+----------------------------------------------+-------+
; Total registers                              ; 334   ;
; Number of registers using Synchronous Clear  ; 7     ;
; Number of registers using Synchronous Load   ; 4     ;
; Number of registers using Asynchronous Clear ; 14    ;
; Number of registers using Asynchronous Load  ; 0     ;
; Number of registers using Clock Enable       ; 218   ;
; Number of registers using Preset             ; 0     ;
+----------------------------------------------+-------+


+------------------------------------------------------+
; Inverted Register Statistics                         ;
+--------------------------------------------+---------+
; Inverted Register                          ; Fan out ;
+--------------------------------------------+---------+
; audio_serial_to_parallel:inst24|counter[0] ; 19      ;
; audio_serial_to_parallel:inst24|counter[1] ; 18      ;
; audio_serial_to_parallel:inst24|counter[2] ; 18      ;
; audio_serial_to_parallel:inst24|counter[3] ; 17      ;
; audio_serial_to_parallel:inst24|outDone    ; 3       ;
; Total number of inverted registers = 5     ;         ;
+--------------------------------------------+---------+


+-----------------------------------------------------------------------------------------------------------------------------------------------------------------------+
; Multiplexer Restructuring Statistics (Restructuring Performed)                                                                                                        ;
+--------------------+-----------+---------------+----------------------+------------------------+------------+---------------------------------------------------------+
; Multiplexer Inputs ; Bus Width ; Baseline Area ; Area if Restructured ; Saving if Restructured ; Registered ; Example Multiplexer Output                              ;
+--------------------+-----------+---------------+----------------------+------------------------+------------+---------------------------------------------------------+
; 3:1                ; 16 bits   ; 32 LEs        ; 16 LEs               ; 16 LEs                 ; Yes        ; |DE2_i2sound|movingAverageFilter:inst12|addrTest[8]     ;
; 3:1                ; 6 bits    ; 12 LEs        ; 6 LEs                ; 6 LEs                  ; Yes        ; |DE2_i2sound|i2c:inst|SD_COUNTER[5]                     ;
; 12:1               ; 5 bits    ; 40 LEs        ; 30 LEs               ; 10 LEs                 ; Yes        ; |DE2_i2sound|CLOCK_500:inst4|DATA_A[4]                  ;
; 16:1               ; 3 bits    ; 30 LEs        ; 30 LEs               ; 0 LEs                  ; Yes        ; |DE2_i2sound|audio_parallel_to_serial:inst28|AUD_DATA   ;
; 3:1                ; 4 bits    ; 8 LEs         ; 4 LEs                ; 4 LEs                  ; Yes        ; |DE2_i2sound|audio_serial_to_parallel:inst24|counter[3] ;
+--------------------+-----------+---------------+----------------------+------------------------+------------+---------------------------------------------------------+


+------------------------------------------------------------------+
; Parameter Settings for User Entity Instance: LPM_CONSTANT:inst38 ;
+--------------------+------------------+--------------------------+
; Parameter Name     ; Value            ; Type                     ;
+--------------------+------------------+--------------------------+
; LPM_WIDTH          ; 16               ; Signed Integer           ;
; LPM_CVALUE         ; AAAA             ; Unsigned Hexadecimal     ;
; ENABLE_RUNTIME_MOD ; NO               ; Untyped                  ;
; CBXI_PARAMETER     ; lpm_constant_7t3 ; Untyped                  ;
+--------------------+------------------+--------------------------+
Note: In order to hide this table in the UI and the text report file, please set the "Show Parameter Settings in Synthesis Report" option in "Analysis and Synthesis Settings -> More Settings" to "Off".


+------------------------------------------------------------------+
; Parameter Settings for User Entity Instance: LPM_CONSTANT:inst39 ;
+--------------------+------------------+--------------------------+
; Parameter Name     ; Value            ; Type                     ;
+--------------------+------------------+--------------------------+
; LPM_WIDTH          ; 16               ; Signed Integer           ;
; LPM_CVALUE         ; BBBB             ; Unsigned Hexadecimal     ;
; ENABLE_RUNTIME_MOD ; NO               ; Untyped                  ;
; CBXI_PARAMETER     ; lpm_constant_bt3 ; Untyped                  ;
+--------------------+------------------+--------------------------+
Note: In order to hide this table in the UI and the text report file, please set the "Show Parameter Settings in Synthesis Report" option in "Analysis and Synthesis Settings -> More Settings" to "Off".


+---------------------------------------------------------------------------------------------+
; Parameter Settings for Inferred Entity Instance: movingAverageFilter:inst12|lpm_divide:Div1 ;
+------------------------+----------------+---------------------------------------------------+
; Parameter Name         ; Value          ; Type                                              ;
+------------------------+----------------+---------------------------------------------------+
; LPM_WIDTHN             ; 32             ; Untyped                                           ;
; LPM_WIDTHD             ; 16             ; Untyped                                           ;
; LPM_NREPRESENTATION    ; SIGNED         ; Untyped                                           ;
; LPM_DREPRESENTATION    ; SIGNED         ; Untyped                                           ;
; LPM_PIPELINE           ; 0              ; Untyped                                           ;
; LPM_REMAINDERPOSITIVE  ; FALSE          ; Untyped                                           ;
; MAXIMIZE_SPEED         ; 5              ; Untyped                                           ;
; CBXI_PARAMETER         ; lpm_divide_pto ; Untyped                                           ;
; CARRY_CHAIN            ; MANUAL         ; Untyped                                           ;
; OPTIMIZE_FOR_SPEED     ; 5              ; Untyped                                           ;
; AUTO_CARRY_CHAINS      ; ON             ; AUTO_CARRY                                        ;
; IGNORE_CARRY_BUFFERS   ; OFF            ; IGNORE_CARRY                                      ;
; AUTO_CASCADE_CHAINS    ; ON             ; AUTO_CASCADE                                      ;
; IGNORE_CASCADE_BUFFERS ; OFF            ; IGNORE_CASCADE                                    ;
+------------------------+----------------+---------------------------------------------------+
Note: In order to hide this table in the UI and the text report file, please set the "Show Parameter Settings in Synthesis Report" option in "Analysis and Synthesis Settings -> More Settings" to "Off".


+--------------------------------------------------------------------------------------------+
; Parameter Settings for Inferred Entity Instance: movingAverageFilter:inst12|lpm_mult:Mult1 ;
+------------------------------------------------+------------+------------------------------+
; Parameter Name                                 ; Value      ; Type                         ;
+------------------------------------------------+------------+------------------------------+
; AUTO_CARRY_CHAINS                              ; ON         ; AUTO_CARRY                   ;
; IGNORE_CARRY_BUFFERS                           ; OFF        ; IGNORE_CARRY                 ;
; AUTO_CASCADE_CHAINS                            ; ON         ; AUTO_CASCADE                 ;
; IGNORE_CASCADE_BUFFERS                         ; OFF        ; IGNORE_CASCADE               ;
; LPM_WIDTHA                                     ; 16         ; Untyped                      ;
; LPM_WIDTHB                                     ; 3          ; Untyped                      ;
; LPM_WIDTHP                                     ; 19         ; Untyped                      ;
; LPM_WIDTHR                                     ; 19         ; Untyped                      ;
; LPM_WIDTHS                                     ; 1          ; Untyped                      ;
; LPM_REPRESENTATION                             ; SIGNED     ; Untyped                      ;
; LPM_PIPELINE                                   ; 0          ; Untyped                      ;
; LATENCY                                        ; 0          ; Untyped                      ;
; INPUT_A_IS_CONSTANT                            ; NO         ; Untyped                      ;
; INPUT_B_IS_CONSTANT                            ; YES        ; Untyped                      ;
; USE_EAB                                        ; OFF        ; Untyped                      ;
; MAXIMIZE_SPEED                                 ; 5          ; Untyped                      ;
; DEVICE_FAMILY                                  ; Cyclone II ; Untyped                      ;
; CARRY_CHAIN                                    ; MANUAL     ; Untyped                      ;
; APEX20K_TECHNOLOGY_MAPPER                      ; LUT        ; TECH_MAPPER_APEX20K          ;
; DEDICATED_MULTIPLIER_CIRCUITRY                 ; AUTO       ; Untyped                      ;
; DEDICATED_MULTIPLIER_MIN_INPUT_WIDTH_FOR_AUTO  ; 0          ; Untyped                      ;
; DEDICATED_MULTIPLIER_MIN_OUTPUT_WIDTH_FOR_AUTO ; 0          ; Untyped                      ;
; CBXI_PARAMETER                                 ; NOTHING    ; Untyped                      ;
; INPUT_A_FIXED_VALUE                            ; Bx         ; Untyped                      ;
; INPUT_B_FIXED_VALUE                            ; Bx         ; Untyped                      ;
; USE_AHDL_IMPLEMENTATION                        ; OFF        ; Untyped                      ;
+------------------------------------------------+------------+------------------------------+
Note: In order to hide this table in the UI and the text report file, please set the "Show Parameter Settings in Synthesis Report" option in "Analysis and Synthesis Settings -> More Settings" to "Off".


+---------------------------------------------------------------------------------------------+
; Parameter Settings for Inferred Entity Instance: movingAverageFilter:inst12|lpm_divide:Div0 ;
+------------------------+----------------+---------------------------------------------------+
; Parameter Name         ; Value          ; Type                                              ;
+------------------------+----------------+---------------------------------------------------+
; LPM_WIDTHN             ; 32             ; Untyped                                           ;
; LPM_WIDTHD             ; 16             ; Untyped                                           ;
; LPM_NREPRESENTATION    ; SIGNED         ; Untyped                                           ;
; LPM_DREPRESENTATION    ; SIGNED         ; Untyped                                           ;
; LPM_PIPELINE           ; 0              ; Untyped                                           ;
; LPM_REMAINDERPOSITIVE  ; FALSE          ; Untyped                                           ;
; MAXIMIZE_SPEED         ; 5              ; Untyped                                           ;
; CBXI_PARAMETER         ; lpm_divide_pto ; Untyped                                           ;
; CARRY_CHAIN            ; MANUAL         ; Untyped                                           ;
; OPTIMIZE_FOR_SPEED     ; 5              ; Untyped                                           ;
; AUTO_CARRY_CHAINS      ; ON             ; AUTO_CARRY                                        ;
; IGNORE_CARRY_BUFFERS   ; OFF            ; IGNORE_CARRY                                      ;
; AUTO_CASCADE_CHAINS    ; ON             ; AUTO_CASCADE                                      ;
; IGNORE_CASCADE_BUFFERS ; OFF            ; IGNORE_CASCADE                                    ;
+------------------------+----------------+---------------------------------------------------+
Note: In order to hide this table in the UI and the text report file, please set the "Show Parameter Settings in Synthesis Report" option in "Analysis and Synthesis Settings -> More Settings" to "Off".


+--------------------------------------------------------------------------------------------+
; Parameter Settings for Inferred Entity Instance: movingAverageFilter:inst12|lpm_mult:Mult0 ;
+------------------------------------------------+------------+------------------------------+
; Parameter Name                                 ; Value      ; Type                         ;
+------------------------------------------------+------------+------------------------------+
; AUTO_CARRY_CHAINS                              ; ON         ; AUTO_CARRY                   ;
; IGNORE_CARRY_BUFFERS                           ; OFF        ; IGNORE_CARRY                 ;
; AUTO_CASCADE_CHAINS                            ; ON         ; AUTO_CASCADE                 ;
; IGNORE_CASCADE_BUFFERS                         ; OFF        ; IGNORE_CASCADE               ;
; LPM_WIDTHA                                     ; 16         ; Untyped                      ;
; LPM_WIDTHB                                     ; 3          ; Untyped                      ;
; LPM_WIDTHP                                     ; 19         ; Untyped                      ;
; LPM_WIDTHR                                     ; 19         ; Untyped                      ;
; LPM_WIDTHS                                     ; 1          ; Untyped                      ;
; LPM_REPRESENTATION                             ; SIGNED     ; Untyped                      ;
; LPM_PIPELINE                                   ; 0          ; Untyped                      ;
; LATENCY                                        ; 0          ; Untyped                      ;
; INPUT_A_IS_CONSTANT                            ; NO         ; Untyped                      ;
; INPUT_B_IS_CONSTANT                            ; YES        ; Untyped                      ;
; USE_EAB                                        ; OFF        ; Untyped                      ;
; MAXIMIZE_SPEED                                 ; 5          ; Untyped                      ;
; DEVICE_FAMILY                                  ; Cyclone II ; Untyped                      ;
; CARRY_CHAIN                                    ; MANUAL     ; Untyped                      ;
; APEX20K_TECHNOLOGY_MAPPER                      ; LUT        ; TECH_MAPPER_APEX20K          ;
; DEDICATED_MULTIPLIER_CIRCUITRY                 ; AUTO       ; Untyped                      ;
; DEDICATED_MULTIPLIER_MIN_INPUT_WIDTH_FOR_AUTO  ; 0          ; Untyped                      ;
; DEDICATED_MULTIPLIER_MIN_OUTPUT_WIDTH_FOR_AUTO ; 0          ; Untyped                      ;
; CBXI_PARAMETER                                 ; NOTHING    ; Untyped                      ;
; INPUT_A_FIXED_VALUE                            ; Bx         ; Untyped                      ;
; INPUT_B_FIXED_VALUE                            ; Bx         ; Untyped                      ;
; USE_AHDL_IMPLEMENTATION                        ; OFF        ; Untyped                      ;
+------------------------------------------------+------------+------------------------------+
Note: In order to hide this table in the UI and the text report file, please set the "Show Parameter Settings in Synthesis Report" option in "Analysis and Synthesis Settings -> More Settings" to "Off".


+-----------------------------------------------------------------------------------+
; lpm_mult Parameter Settings by Entity Instance                                    ;
+---------------------------------------+-------------------------------------------+
; Name                                  ; Value                                     ;
+---------------------------------------+-------------------------------------------+
; Number of entity instances            ; 2                                         ;
; Entity Instance                       ; movingAverageFilter:inst12|lpm_mult:Mult1 ;
;     -- LPM_WIDTHA                     ; 16                                        ;
;     -- LPM_WIDTHB                     ; 3                                         ;
;     -- LPM_WIDTHP                     ; 19                                        ;
;     -- LPM_REPRESENTATION             ; SIGNED                                    ;
;     -- INPUT_A_IS_CONSTANT            ; NO                                        ;
;     -- INPUT_B_IS_CONSTANT            ; YES                                       ;
;     -- USE_EAB                        ; OFF                                       ;
;     -- DEDICATED_MULTIPLIER_CIRCUITRY ; AUTO                                      ;
;     -- INPUT_A_FIXED_VALUE            ; Bx                                        ;
;     -- INPUT_B_FIXED_VALUE            ; Bx                                        ;
; Entity Instance                       ; movingAverageFilter:inst12|lpm_mult:Mult0 ;
;     -- LPM_WIDTHA                     ; 16                                        ;
;     -- LPM_WIDTHB                     ; 3                                         ;
;     -- LPM_WIDTHP                     ; 19                                        ;
;     -- LPM_REPRESENTATION             ; SIGNED                                    ;
;     -- INPUT_A_IS_CONSTANT            ; NO                                        ;
;     -- INPUT_B_IS_CONSTANT            ; YES                                       ;
;     -- USE_EAB                        ; OFF                                       ;
;     -- DEDICATED_MULTIPLIER_CIRCUITRY ; AUTO                                      ;
;     -- INPUT_A_FIXED_VALUE            ; Bx                                        ;
;     -- INPUT_B_FIXED_VALUE            ; Bx                                        ;
+---------------------------------------+-------------------------------------------+


+-------------------------------+
; Elapsed Time Per Partition    ;
+----------------+--------------+
; Partition Name ; Elapsed Time ;
+----------------+--------------+
; Top            ; 00:00:03     ;
+----------------+--------------+


+-------------------------------+
; Analysis & Synthesis Messages ;
+-------------------------------+
Info: *******************************************************************
Info: Running Quartus II 64-Bit Analysis & Synthesis
    Info: Version 13.0.1 Build 232 06/12/2013 Service Pack 1 SJ Web Edition
    Info: Processing started: Mon Jun 12 01:07:22 2023
Info: Command: quartus_map --read_settings_files=on --write_settings_files=off DE2_i2sound -c DE2_i2sound
Info (12021): Found 1 design units, including 1 entities, in source file de2_i2sound.bdf
    Info (12023): Found entity 1: DE2_i2sound
Info (12021): Found 1 design units, including 1 entities, in source file clock_500.v
    Info (12023): Found entity 1: CLOCK_500
Info (12021): Found 1 design units, including 1 entities, in source file i2c.v
    Info (12023): Found entity 1: i2c
Info (12021): Found 1 design units, including 1 entities, in source file keytr.v
    Info (12023): Found entity 1: keytr
Info (12021): Found 1 design units, including 1 entities, in source file processing.v
    Info (12023): Found entity 1: processing
Info (12021): Found 1 design units, including 1 entities, in source file audio_serial_to_parallel.v
    Info (12023): Found entity 1: audio_serial_to_parallel
Info (12021): Found 1 design units, including 1 entities, in source file audio_parallel_to_serial.v
    Info (12023): Found entity 1: audio_parallel_to_serial
Info (12021): Found 1 design units, including 1 entities, in source file led_status.v
    Info (12023): Found entity 1: LED_STATUS
Info (12021): Found 1 design units, including 1 entities, in source file mux-16bit.v
    Info (12023): Found entity 1: MUX_1bit
Info (12021): Found 1 design units, including 1 entities, in source file decimator.v
    Info (12023): Found entity 1: decimator
Info (12021): Found 1 design units, including 1 entities, in source file cicfilter.v
    Info (12023): Found entity 1: CIC_Filter
Info (12021): Found 1 design units, including 1 entities, in source file audio_deserializer2.v
    Info (12023): Found entity 1: I2S_Deserializer
Info (12021): Found 1 design units, including 1 entities, in source file i2s_reserializer.v
    Info (12023): Found entity 1: I2S_Reserializer
Info (12021): Found 1 design units, including 1 entities, in source file fir-lpf-1khz.v
    Info (12023): Found entity 1: FIR_Filter
Info (12021): Found 1 design units, including 1 entities, in source file audio_serial_to_parallel_testbench.v
    Info (12023): Found entity 1: audio_serial_to_parallel_testbench
Info (12021): Found 1 design units, including 1 entities, in source file audio_parallel_to_serial_testbench.v
    Info (12023): Found entity 1: audio_parallel_to_serial_testbench
Info (12021): Found 1 design units, including 1 entities, in source file audio_passthrough_testbench.v
    Info (12023): Found entity 1: serial_and_parallel_passthrough_testbench
Info (12021): Found 1 design units, including 1 entities, in source file audio_passthrough_testbench_with_gap.v
    Info (12023): Found entity 1: serial_and_parallel_passthrough_with_gaps_testbench
Info (12021): Found 1 design units, including 1 entities, in source file delayby1bit.v
    Info (12023): Found entity 1: delayBy1bit
Info (12021): Found 1 design units, including 1 entities, in source file sram.v
    Info (12023): Found entity 1: SRAM
Info (12021): Found 1 design units, including 1 entities, in source file sram_reader.v
    Info (12023): Found entity 1: memReader
Info (12021): Found 1 design units, including 1 entities, in source file sram_writer.v
    Info (12023): Found entity 1: memWriter
Info (12021): Found 1 design units, including 1 entities, in source file div2_20.v
    Info (12023): Found entity 1: div2_20
Info (12021): Found 1 design units, including 1 entities, in source file sram_controller.v
    Info (12023): Found entity 1: SRAM_Controller
Info (12021): Found 1 design units, including 1 entities, in source file movingaveragefilter.v
    Info (12023): Found entity 1: movingAverageFilter
Info (12127): Elaborating entity "DE2_i2sound" for the top level hierarchy
Warning (275083): Bus "testOut2[15..0]" found using same base name as "testOut", which might lead to a name conflict.
Warning (275080): Converted elements in bus name "testOut" using legacy naming rules. Make any assignments on the new names, not on the original names.
    Warning (275081): Converted element name(s) from "testOut[15..0]" to "testOut15..0"
Warning (275080): Converted elements in bus name "testOut2" using legacy naming rules. Make any assignments on the new names, not on the original names.
    Warning (275081): Converted element name(s) from "testOut2[15..0]" to "testOut215..0"
Warning (275008): Primitive "TFF" of instance "inst6" not used
Warning (275008): Primitive "VCC" of instance "inst8" not used
Info (12128): Elaborating entity "i2c" for hierarchy "i2c:inst"
Warning (10230): Verilog HDL assignment warning at i2c.v(78): truncated value with size 32 to match size of target (1)
Warning (10230): Verilog HDL assignment warning at i2c.v(77): truncated value with size 32 to match size of target (1)
Warning (10230): Verilog HDL assignment warning at i2c.v(90): truncated value with size 32 to match size of target (6)
Info (12128): Elaborating entity "CLOCK_500" for hierarchy "CLOCK_500:inst4"
Warning (10230): Verilog HDL assignment warning at CLOCK_500.v(32): truncated value with size 32 to match size of target (1)
Warning (10230): Verilog HDL assignment warning at CLOCK_500.v(36): truncated value with size 32 to match size of target (6)
Warning (10230): Verilog HDL assignment warning at CLOCK_500.v(42): truncated value with size 32 to match size of target (8)
Warning (10230): Verilog HDL assignment warning at CLOCK_500.v(65): truncated value with size 32 to match size of target (11)
Info (12128): Elaborating entity "keytr" for hierarchy "keytr:inst1"
Warning (10230): Verilog HDL assignment warning at keytr.v(65): truncated value with size 32 to match size of target (1)
Warning (10230): Verilog HDL assignment warning at keytr.v(71): truncated value with size 32 to match size of target (10)
Info (12128): Elaborating entity "MUX_1bit" for hierarchy "MUX_1bit:inst11"
Info (12128): Elaborating entity "audio_parallel_to_serial" for hierarchy "audio_parallel_to_serial:inst26"
Warning (10036): Verilog HDL or VHDL warning at audio_parallel_to_serial.v(17): object "count" assigned a value but never read
Warning (10036): Verilog HDL or VHDL warning at audio_parallel_to_serial.v(19): object "counterMaxed" assigned a value but never read
Warning (10230): Verilog HDL assignment warning at audio_parallel_to_serial.v(36): truncated value with size 32 to match size of target (4)
Info (12128): Elaborating entity "movingAverageFilter" for hierarchy "movingAverageFilter:inst12"
Warning (10855): Verilog HDL warning at movingAverageFilter.v(18): initial value for variable LRCK_prev should be constant
Warning (10230): Verilog HDL assignment warning at movingAverageFilter.v(27): truncated value with size 32 to match size of target (8)
Warning (10230): Verilog HDL assignment warning at movingAverageFilter.v(36): truncated value with size 32 to match size of target (16)
Warning (10230): Verilog HDL assignment warning at movingAverageFilter.v(37): truncated value with size 32 to match size of target (16)
Warning (10230): Verilog HDL assignment warning at movingAverageFilter.v(44): truncated value with size 32 to match size of target (18)
Warning (10034): Output port "testOutt3" at movingAverageFilter.v(14) has no driver
Info (12128): Elaborating entity "audio_serial_to_parallel" for hierarchy "audio_serial_to_parallel:inst24"
Warning (10036): Verilog HDL or VHDL warning at audio_serial_to_parallel.v(19): object "LRnow" assigned a value but never read
Warning (10036): Verilog HDL or VHDL warning at audio_serial_to_parallel.v(20): object "counterMaxed" assigned a value but never read
Warning (10230): Verilog HDL assignment warning at audio_serial_to_parallel.v(17): truncated value with size 16 to match size of target (4)
Warning (10230): Verilog HDL assignment warning at audio_serial_to_parallel.v(47): truncated value with size 16 to match size of target (4)
Warning (10230): Verilog HDL assignment warning at audio_serial_to_parallel.v(54): truncated value with size 16 to match size of target (4)
Info (12128): Elaborating entity "SRAM_Controller" for hierarchy "SRAM_Controller:inst9"
Info (12128): Elaborating entity "LED_STATUS" for hierarchy "LED_STATUS:inst7"
Info (12128): Elaborating entity "LPM_CONSTANT" for hierarchy "LPM_CONSTANT:inst38"
Info (12130): Elaborated megafunction instantiation "LPM_CONSTANT:inst38"
Info (12133): Instantiated megafunction "LPM_CONSTANT:inst38" with the following parameter:
    Info (12134): Parameter "LPM_CVALUE" = "AAAA"
    Info (12134): Parameter "LPM_WIDTH" = "16"
Info (12128): Elaborating entity "LPM_CONSTANT" for hierarchy "LPM_CONSTANT:inst39"
Info (12130): Elaborated megafunction instantiation "LPM_CONSTANT:inst39"
Info (12133): Instantiated megafunction "LPM_CONSTANT:inst39" with the following parameter:
    Info (12134): Parameter "LPM_CVALUE" = "BBBB"
    Info (12134): Parameter "LPM_WIDTH" = "16"
Info (12128): Elaborating entity "div2_20" for hierarchy "div2_20:inst5"
Warning (10230): Verilog HDL assignment warning at div2_20.v(9): truncated value with size 32 to match size of target (15)
Info (278001): Inferred 4 megafunctions from design logic
    Info (278004): Inferred divider/modulo megafunction ("lpm_divide") from the following logic: "movingAverageFilter:inst12|Div1"
    Info (278003): Inferred multiplier megafunction ("lpm_mult") from the following logic: "movingAverageFilter:inst12|Mult1"
    Info (278004): Inferred divider/modulo megafunction ("lpm_divide") from the following logic: "movingAverageFilter:inst12|Div0"
    Info (278003): Inferred multiplier megafunction ("lpm_mult") from the following logic: "movingAverageFilter:inst12|Mult0"
Info (12130): Elaborated megafunction instantiation "movingAverageFilter:inst12|lpm_divide:Div1"
Info (12133): Instantiated megafunction "movingAverageFilter:inst12|lpm_divide:Div1" with the following parameter:
    Info (12134): Parameter "LPM_WIDTHN" = "32"
    Info (12134): Parameter "LPM_WIDTHD" = "16"
    Info (12134): Parameter "LPM_NREPRESENTATION" = "SIGNED"
    Info (12134): Parameter "LPM_DREPRESENTATION" = "SIGNED"
    Info (12134): Parameter "LPM_HINT" = "LPM_REMAINDERPOSITIVE=FALSE"
Info (12021): Found 1 design units, including 1 entities, in source file db/lpm_divide_pto.tdf
    Info (12023): Found entity 1: lpm_divide_pto
Info (12021): Found 1 design units, including 1 entities, in source file db/abs_divider_6dg.tdf
    Info (12023): Found entity 1: abs_divider_6dg
Info (12021): Found 1 design units, including 1 entities, in source file db/alt_u_div_o5f.tdf
    Info (12023): Found entity 1: alt_u_div_o5f
Info (12021): Found 1 design units, including 1 entities, in source file db/add_sub_lkc.tdf
    Info (12023): Found entity 1: add_sub_lkc
Info (12021): Found 1 design units, including 1 entities, in source file db/add_sub_mkc.tdf
    Info (12023): Found entity 1: add_sub_mkc
Info (12021): Found 1 design units, including 1 entities, in source file db/lpm_abs_2s9.tdf
    Info (12023): Found entity 1: lpm_abs_2s9
Info (12021): Found 1 design units, including 1 entities, in source file db/lpm_abs_0s9.tdf
    Info (12023): Found entity 1: lpm_abs_0s9
Info (12130): Elaborated megafunction instantiation "movingAverageFilter:inst12|lpm_mult:Mult1"
Info (12133): Instantiated megafunction "movingAverageFilter:inst12|lpm_mult:Mult1" with the following parameter:
    Info (12134): Parameter "LPM_WIDTHA" = "16"
    Info (12134): Parameter "LPM_WIDTHB" = "3"
    Info (12134): Parameter "LPM_WIDTHP" = "19"
    Info (12134): Parameter "LPM_WIDTHR" = "19"
    Info (12134): Parameter "LPM_WIDTHS" = "1"
    Info (12134): Parameter "LPM_REPRESENTATION" = "SIGNED"
    Info (12134): Parameter "INPUT_A_IS_CONSTANT" = "NO"
    Info (12134): Parameter "INPUT_B_IS_CONSTANT" = "YES"
    Info (12134): Parameter "MAXIMIZE_SPEED" = "5"
Info (12131): Elaborated megafunction instantiation "movingAverageFilter:inst12|lpm_mult:Mult1|multcore:mult_core", which is child of megafunction instantiation "movingAverageFilter:inst12|lpm_mult:Mult1"
Info (12131): Elaborated megafunction instantiation "movingAverageFilter:inst12|lpm_mult:Mult1|multcore:mult_core|mpar_add:padder", which is child of megafunction instantiation "movingAverageFilter:inst12|lpm_mult:Mult1"
Info (12131): Elaborated megafunction instantiation "movingAverageFilter:inst12|lpm_mult:Mult1|multcore:mult_core|mpar_add:padder|lpm_add_sub:adder[1]", which is child of megafunction instantiation "movingAverageFilter:inst12|lpm_mult:Mult1"
Info (12021): Found 1 design units, including 1 entities, in source file db/add_sub_eeh.tdf
    Info (12023): Found entity 1: add_sub_eeh
Info (12131): Elaborated megafunction instantiation "movingAverageFilter:inst12|lpm_mult:Mult1|multcore:mult_core|mpar_add:padder|lpm_add_sub:adder[0]", which is child of megafunction instantiation "movingAverageFilter:inst12|lpm_mult:Mult1"
Info (12021): Found 1 design units, including 1 entities, in source file db/add_sub_k3h.tdf
    Info (12023): Found entity 1: add_sub_k3h
Info (12131): Elaborated megafunction instantiation "movingAverageFilter:inst12|lpm_mult:Mult1|multcore:mult_core|mpar_add:padder|mpar_add:sub_par_add", which is child of megafunction instantiation "movingAverageFilter:inst12|lpm_mult:Mult1"
Info (12131): Elaborated megafunction instantiation "movingAverageFilter:inst12|lpm_mult:Mult1|multcore:mult_core|mpar_add:padder|mpar_add:sub_par_add|lpm_add_sub:adder[0]", which is child of megafunction instantiation "movingAverageFilter:inst12|lpm_mult:Mult1"
Info (12021): Found 1 design units, including 1 entities, in source file db/add_sub_pfh.tdf
    Info (12023): Found entity 1: add_sub_pfh
Info (12131): Elaborated megafunction instantiation "movingAverageFilter:inst12|lpm_mult:Mult1|altshift:external_latency_ffs", which is child of megafunction instantiation "movingAverageFilter:inst12|lpm_mult:Mult1"
Info (13014): Ignored 62 buffer(s)
    Info (13016): Ignored 62 CARRY_SUM buffer(s)
Warning (13046): Tri-state node(s) do not directly drive top-level pin(s)
    Warning (13047): Converted the fan-out from the tri-state buffer "SRAM_Controller:inst9|read_data[15]" to the node "movingAverageFilter:inst12|testOut[15]" into an OR gate
    Warning (13047): Converted the fan-out from the tri-state buffer "SRAM_Controller:inst9|read_data[14]" to the node "movingAverageFilter:inst12|testOut[14]" into an OR gate
    Warning (13047): Converted the fan-out from the tri-state buffer "SRAM_Controller:inst9|read_data[13]" to the node "movingAverageFilter:inst12|testOut[13]" into an OR gate
    Warning (13047): Converted the fan-out from the tri-state buffer "SRAM_Controller:inst9|read_data[12]" to the node "movingAverageFilter:inst12|testOut[12]" into an OR gate
    Warning (13047): Converted the fan-out from the tri-state buffer "SRAM_Controller:inst9|read_data[11]" to the node "movingAverageFilter:inst12|testOut[11]" into an OR gate
    Warning (13047): Converted the fan-out from the tri-state buffer "SRAM_Controller:inst9|read_data[10]" to the node "movingAverageFilter:inst12|testOut[10]" into an OR gate
    Warning (13047): Converted the fan-out from the tri-state buffer "SRAM_Controller:inst9|read_data[9]" to the node "movingAverageFilter:inst12|testOut[9]" into an OR gate
    Warning (13047): Converted the fan-out from the tri-state buffer "SRAM_Controller:inst9|read_data[8]" to the node "movingAverageFilter:inst12|testOut[8]" into an OR gate
    Warning (13047): Converted the fan-out from the tri-state buffer "SRAM_Controller:inst9|read_data[7]" to the node "movingAverageFilter:inst12|testOut[7]" into an OR gate
    Warning (13047): Converted the fan-out from the tri-state buffer "SRAM_Controller:inst9|read_data[6]" to the node "movingAverageFilter:inst12|testOut[6]" into an OR gate
    Warning (13047): Converted the fan-out from the tri-state buffer "SRAM_Controller:inst9|read_data[5]" to the node "movingAverageFilter:inst12|testOut[5]" into an OR gate
    Warning (13047): Converted the fan-out from the tri-state buffer "SRAM_Controller:inst9|read_data[4]" to the node "movingAverageFilter:inst12|testOut[4]" into an OR gate
    Warning (13047): Converted the fan-out from the tri-state buffer "SRAM_Controller:inst9|read_data[3]" to the node "movingAverageFilter:inst12|testOut[3]" into an OR gate
    Warning (13047): Converted the fan-out from the tri-state buffer "SRAM_Controller:inst9|read_data[2]" to the node "movingAverageFilter:inst12|testOut[2]" into an OR gate
    Warning (13047): Converted the fan-out from the tri-state buffer "SRAM_Controller:inst9|read_data[1]" to the node "movingAverageFilter:inst12|testOut[1]" into an OR gate
    Warning (13047): Converted the fan-out from the tri-state buffer "SRAM_Controller:inst9|read_data[0]" to the node "movingAverageFilter:inst12|testOut[0]" into an OR gate
Warning (13024): Output pins are stuck at VCC or GND
    Warning (13410): Pin "gpio1_0" is stuck at GND
    Warning (13410): Pin "gpio1_10" is stuck at GND
    Warning (13410): Pin "SRAM_CE_N" is stuck at GND
    Warning (13410): Pin "SRAM_LB_N" is stuck at GND
    Warning (13410): Pin "SRAM_UB_N" is stuck at GND
    Warning (13410): Pin "SRAM_OE_N" is stuck at GND
    Warning (13410): Pin "LEDR0" is stuck at GND
Info (17049): 2 registers lost all their fanouts during netlist optimizations.
Info (144001): Generated suppressed messages file C:/Users/Meerkat/Downloads/DE2_v2.0.4_SystemCD/DE2_demonstrations/DE2_i2sound/DE2_i2sound.map.smsg
Info (16010): Generating hard_block partition "hard_block:auto_generated_inst"
    Info (16011): Adding 0 node(s), including 0 DDIO, 0 PLL, 0 transceiver and 0 LCELL
Info (21057): Implemented 2956 device resources after synthesis - the final resource count might be different
    Info (21058): Implemented 8 input pins
    Info (21059): Implemented 52 output pins
    Info (21060): Implemented 17 bidirectional pins
    Info (21061): Implemented 2879 logic cells
Info: Quartus II 64-Bit Analysis & Synthesis was successful. 0 errors, 56 warnings
    Info: Peak virtual memory: 4642 megabytes
    Info: Processing ended: Mon Jun 12 01:07:27 2023
    Info: Elapsed time: 00:00:05
    Info: Total CPU time (on all processors): 00:00:05


+------------------------------------------+
; Analysis & Synthesis Suppressed Messages ;
+------------------------------------------+
The suppressed messages can be found in C:/Users/Meerkat/Downloads/DE2_v2.0.4_SystemCD/DE2_demonstrations/DE2_i2sound/DE2_i2sound.map.smsg.


